\BOOKMARK [0][-]{chapter.1}{Introduction}{}
\BOOKMARK [1][-]{section.1.1}{The transition to microfabricated trap arrays}{chapter.1}
\BOOKMARK [1][-]{section.1.2}{Thesis layout}{chapter.1}
\BOOKMARK [0][-]{chapter.2}{Numerical modelling of multiple-electrode traps}{}
\BOOKMARK [1][-]{section.2.1}{Ion trap modeling}{chapter.2}
\BOOKMARK [1][-]{section.2.2}{Trap designs}{chapter.2}
\BOOKMARK [1][-]{section.2.3}{The Liverpool trap}{chapter.2}
\BOOKMARK [2][-]{subsection.2.3.1}{Design of the trap}{section.2.3}
\BOOKMARK [2][-]{subsection.2.3.2}{Analysis of trap geometry}{section.2.3}
\BOOKMARK [2][-]{subsection.2.3.3}{Effect of manufacturing imprecision}{section.2.3}
\BOOKMARK [1][-]{section.2.4}{The Sandia trap}{chapter.2}
\BOOKMARK [1][-]{section.2.5}{Future traps}{chapter.2}
\BOOKMARK [0][-]{chapter.3}{Ion shuttling and loading theory}{}
\BOOKMARK [1][-]{section.3.1}{Precise shuttling}{chapter.3}
\BOOKMARK [1][-]{section.3.2}{Ion loading simulation in Sandia trap}{chapter.3}
\BOOKMARK [0][-]{chapter.4}{Apparatus}{}
\BOOKMARK [1][-]{section.4.1}{Vacuum system}{chapter.4}
\BOOKMARK [2][-]{subsection.4.1.1}{Vacuum chamber}{section.4.1}
\BOOKMARK [2][-]{subsection.4.1.2}{Sandia trap}{section.4.1}
\BOOKMARK [2][-]{subsection.4.1.3}{Calcium oven}{section.4.1}
\BOOKMARK [2][-]{subsection.4.1.4}{Vacuum pumps}{section.4.1}
\BOOKMARK [1][-]{section.4.2}{Optical setup}{chapter.4}
\BOOKMARK [2][-]{subsection.4.2.1}{866nm repumping laser setup}{section.4.2}
\BOOKMARK [2][-]{subsection.4.2.2}{397nm Doppler cooling laser setup}{section.4.2}
\BOOKMARK [2][-]{subsection.4.2.3}{854nm repumping laser setup}{section.4.2}
\BOOKMARK [2][-]{subsection.4.2.4}{Laser diagnostics}{section.4.2}
\BOOKMARK [1][-]{section.4.3}{Trap optical setup}{chapter.4}
\BOOKMARK [2][-]{subsection.4.3.1}{Photoionising lasers}{section.4.3}
\BOOKMARK [2][-]{subsection.4.3.2}{Doppler cooling lasers}{section.4.3}
\BOOKMARK [1][-]{section.4.4}{Polarisation and power stability}{chapter.4}
\BOOKMARK [1][-]{section.4.5}{Imaging system}{chapter.4}
\BOOKMARK [1][-]{section.4.6}{Electronics}{chapter.4}
\BOOKMARK [2][-]{subsection.4.6.1}{Control computer}{section.4.6}
\BOOKMARK [2][-]{subsection.4.6.2}{DC electrodes and secondary control computer}{section.4.6}
\BOOKMARK [2][-]{subsection.4.6.3}{Helical resonator}{section.4.6}
\BOOKMARK [1][-]{section.4.7}{Air conditioning}{chapter.4}
\BOOKMARK [0][-]{chapter.5}{First observations}{}
\BOOKMARK [1][-]{section.5.1}{Preliminary Ca oven experiment}{chapter.5}
\BOOKMARK [1][-]{section.5.2}{Bake-out of the vacuum system}{chapter.5}
\BOOKMARK [1][-]{section.5.3}{Neutral atom fluorescence}{chapter.5}
\BOOKMARK [2][-]{subsection.5.3.1}{Doppler-broadened neutral fluorescence spectra}{section.5.3}
\BOOKMARK [2][-]{subsection.5.3.2}{Saturation effects}{section.5.3}
\BOOKMARK [2][-]{subsection.5.3.3}{Oven temperature as a function of oven current}{section.5.3}
\BOOKMARK [0][-]{chapter.6}{Experiments with the Sandia trap}{}
\BOOKMARK [1][-]{section.6.1}{Ion loading}{chapter.6}
\BOOKMARK [1][-]{section.6.2}{Micro-motion compensation}{chapter.6}
\BOOKMARK [1][-]{section.6.3}{Lifetime}{chapter.6}
\BOOKMARK [1][-]{section.6.4}{Vibrational frequency measurements}{chapter.6}
\BOOKMARK [1][-]{section.6.5}{Loading multiple ions}{chapter.6}
\BOOKMARK [0][-]{chapter.7}{Heating rate and ion shuttle}{}
\BOOKMARK [1][-]{section.7.1}{Optical system characterization}{chapter.7}
\BOOKMARK [1][-]{section.7.2}{Heating Rate}{chapter.7}
\BOOKMARK [2][-]{subsection.7.2.1}{Theoretical description}{section.7.2}
\BOOKMARK [2][-]{subsection.7.2.2}{Effect of filtering the DC electrode lines}{section.7.2}
\BOOKMARK [1][-]{section.7.3}{Ion shuttling}{chapter.7}
\BOOKMARK [0][-]{chapter.8}{Conclusion}{}
\BOOKMARK [1][-]{section.8.1}{Further plans}{chapter.8}
\BOOKMARK [0][-]{appendix.A}{Calculation of voltage configurations}{}
\BOOKMARK [1][-]{section.A.1}{Function to solve voltage configuration}{appendix.A}
\BOOKMARK [1][-]{section.A.2}{Voltage to trap at arbitrary position along the trap axis}{appendix.A}
\BOOKMARK [1][-]{section.A.3}{Voltages for short shuttle}{appendix.A}
\BOOKMARK [0][-]{section*.10}{Bibliography}{}
